INFO [2025-11-13 02:21:49] $x
INFO [2025-11-13 02:21:49] list(Underrepresented = df_tardi.countries.sub_under, Well_sampled = df_tardi.countries.sub_well)
INFO [2025-11-13 02:21:49] 
INFO [2025-11-13 02:21:49] $category_names
INFO [2025-11-13 02:21:49] c("Underrepresented", "Well-sampled")
INFO [2025-11-13 02:21:49] 
INFO [2025-11-13 02:21:49] $filename
INFO [2025-11-13 02:21:49] NULL
INFO [2025-11-13 02:21:49] 
INFO [2025-11-13 02:21:49] $fill
INFO [2025-11-13 02:21:49] c("orange", "skyblue")
INFO [2025-11-13 02:21:49] 
INFO [2025-11-13 02:21:49] $alpha
INFO [2025-11-13 02:21:49] [1] 0.5
INFO [2025-11-13 02:21:49] 
INFO [2025-11-13 02:21:49] $lty
INFO [2025-11-13 02:21:49] [1] 1
INFO [2025-11-13 02:21:49] 
INFO [2025-11-13 02:21:49] $col
INFO [2025-11-13 02:21:49] c("orange", "skyblue")
INFO [2025-11-13 02:21:49] 
INFO [2025-11-13 02:21:49] $cex
INFO [2025-11-13 02:21:49] [1] 1.5
INFO [2025-11-13 02:21:49] 
INFO [2025-11-13 02:21:49] $cat.cex
INFO [2025-11-13 02:21:49] [1] 1.2
INFO [2025-11-13 02:21:49] 
INFO [2025-11-13 02:21:49] $cat.pos
INFO [2025-11-13 02:21:49] c(180, 0)
INFO [2025-11-13 02:21:49] 
