INFO [2025-11-13 01:25:32] $x
INFO [2025-11-13 01:25:32] list(Underrepresented = df_tardi.countries.sub_under, Well_sampled = df_tardi.countries.sub_well)
INFO [2025-11-13 01:25:32] 
INFO [2025-11-13 01:25:32] $category_names
INFO [2025-11-13 01:25:32] c("Underrepresented", "Well-sampled")
INFO [2025-11-13 01:25:32] 
INFO [2025-11-13 01:25:32] $filename
INFO [2025-11-13 01:25:32] NULL
INFO [2025-11-13 01:25:32] 
INFO [2025-11-13 01:25:32] $fill
INFO [2025-11-13 01:25:32] c("orange", "skyblue")
INFO [2025-11-13 01:25:32] 
INFO [2025-11-13 01:25:32] $alpha
INFO [2025-11-13 01:25:32] [1] 0.5
INFO [2025-11-13 01:25:32] 
INFO [2025-11-13 01:25:32] $lty
INFO [2025-11-13 01:25:32] [1] 1
INFO [2025-11-13 01:25:32] 
INFO [2025-11-13 01:25:32] $col
INFO [2025-11-13 01:25:32] c("orange", "skyblue")
INFO [2025-11-13 01:25:32] 
INFO [2025-11-13 01:25:32] $cex
INFO [2025-11-13 01:25:32] [1] 1.5
INFO [2025-11-13 01:25:32] 
INFO [2025-11-13 01:25:32] $cat.cex
INFO [2025-11-13 01:25:32] [1] 1.2
INFO [2025-11-13 01:25:32] 
INFO [2025-11-13 01:25:32] $cat.pos
INFO [2025-11-13 01:25:32] c(180, 0)
INFO [2025-11-13 01:25:32] 
