INFO [2025-11-12 23:37:54] $x
INFO [2025-11-12 23:37:54] list(Underrepresented = df_tardi.countries.sub_under, Well_sampled = df_tardi.countries.sub_well)
INFO [2025-11-12 23:37:54] 
INFO [2025-11-12 23:37:54] $category_names
INFO [2025-11-12 23:37:54] c("Underrepresented", "Well-sampled")
INFO [2025-11-12 23:37:54] 
INFO [2025-11-12 23:37:54] $filename
INFO [2025-11-12 23:37:54] NULL
INFO [2025-11-12 23:37:54] 
INFO [2025-11-12 23:37:54] $fill
INFO [2025-11-12 23:37:54] c("orange", "skyblue")
INFO [2025-11-12 23:37:54] 
INFO [2025-11-12 23:37:54] $alpha
INFO [2025-11-12 23:37:54] [1] 0.5
INFO [2025-11-12 23:37:54] 
INFO [2025-11-12 23:37:54] $lty
INFO [2025-11-12 23:37:54] [1] 1
INFO [2025-11-12 23:37:54] 
INFO [2025-11-12 23:37:54] $col
INFO [2025-11-12 23:37:54] c("orange", "skyblue")
INFO [2025-11-12 23:37:54] 
INFO [2025-11-12 23:37:54] $cex
INFO [2025-11-12 23:37:54] [1] 1.5
INFO [2025-11-12 23:37:54] 
INFO [2025-11-12 23:37:54] $cat.cex
INFO [2025-11-12 23:37:54] [1] 1.2
INFO [2025-11-12 23:37:54] 
INFO [2025-11-12 23:37:54] $cat.pos
INFO [2025-11-12 23:37:54] c(180, 0)
INFO [2025-11-12 23:37:54] 
