INFO [2025-11-13 01:30:42] $x
INFO [2025-11-13 01:30:42] list(Underrepresented = df_tardi.countries.sub_under, Well_sampled = df_tardi.countries.sub_well)
INFO [2025-11-13 01:30:42] 
INFO [2025-11-13 01:30:42] $category_names
INFO [2025-11-13 01:30:42] c("Underrepresented", "Well-sampled")
INFO [2025-11-13 01:30:42] 
INFO [2025-11-13 01:30:42] $filename
INFO [2025-11-13 01:30:42] NULL
INFO [2025-11-13 01:30:42] 
INFO [2025-11-13 01:30:42] $fill
INFO [2025-11-13 01:30:42] c("orange", "skyblue")
INFO [2025-11-13 01:30:42] 
INFO [2025-11-13 01:30:42] $alpha
INFO [2025-11-13 01:30:42] [1] 0.5
INFO [2025-11-13 01:30:42] 
INFO [2025-11-13 01:30:42] $lty
INFO [2025-11-13 01:30:42] [1] 1
INFO [2025-11-13 01:30:42] 
INFO [2025-11-13 01:30:42] $col
INFO [2025-11-13 01:30:42] c("orange", "skyblue")
INFO [2025-11-13 01:30:42] 
INFO [2025-11-13 01:30:42] $cex
INFO [2025-11-13 01:30:42] [1] 1.5
INFO [2025-11-13 01:30:42] 
INFO [2025-11-13 01:30:42] $cat.cex
INFO [2025-11-13 01:30:42] [1] 1.2
INFO [2025-11-13 01:30:42] 
INFO [2025-11-13 01:30:42] $cat.pos
INFO [2025-11-13 01:30:42] c(180, 0)
INFO [2025-11-13 01:30:42] 
