INFO [2025-11-13 01:47:31] $x
INFO [2025-11-13 01:47:31] list(Underrepresented = df_tardi.countries.sub_under, Well_sampled = df_tardi.countries.sub_well)
INFO [2025-11-13 01:47:31] 
INFO [2025-11-13 01:47:31] $category_names
INFO [2025-11-13 01:47:31] c("Underrepresented", "Well-sampled")
INFO [2025-11-13 01:47:31] 
INFO [2025-11-13 01:47:31] $filename
INFO [2025-11-13 01:47:31] NULL
INFO [2025-11-13 01:47:31] 
INFO [2025-11-13 01:47:31] $fill
INFO [2025-11-13 01:47:31] c("orange", "skyblue")
INFO [2025-11-13 01:47:31] 
INFO [2025-11-13 01:47:31] $alpha
INFO [2025-11-13 01:47:31] [1] 0.5
INFO [2025-11-13 01:47:31] 
INFO [2025-11-13 01:47:31] $lty
INFO [2025-11-13 01:47:31] [1] 1
INFO [2025-11-13 01:47:31] 
INFO [2025-11-13 01:47:31] $col
INFO [2025-11-13 01:47:31] c("orange", "skyblue")
INFO [2025-11-13 01:47:31] 
INFO [2025-11-13 01:47:31] $cex
INFO [2025-11-13 01:47:31] [1] 1.5
INFO [2025-11-13 01:47:31] 
INFO [2025-11-13 01:47:31] $cat.cex
INFO [2025-11-13 01:47:31] [1] 1.2
INFO [2025-11-13 01:47:31] 
INFO [2025-11-13 01:47:31] $cat.pos
INFO [2025-11-13 01:47:31] c(180, 0)
INFO [2025-11-13 01:47:31] 
