INFO [2025-11-13 02:39:59] $x
INFO [2025-11-13 02:39:59] list(Underrepresented = df_tardi.countries.sub_under, Well_sampled = df_tardi.countries.sub_well)
INFO [2025-11-13 02:39:59] 
INFO [2025-11-13 02:39:59] $category_names
INFO [2025-11-13 02:39:59] c("Underrepresented", "Well-sampled")
INFO [2025-11-13 02:39:59] 
INFO [2025-11-13 02:39:59] $filename
INFO [2025-11-13 02:39:59] NULL
INFO [2025-11-13 02:39:59] 
INFO [2025-11-13 02:39:59] $fill
INFO [2025-11-13 02:39:59] c("orange", "skyblue")
INFO [2025-11-13 02:39:59] 
INFO [2025-11-13 02:39:59] $alpha
INFO [2025-11-13 02:39:59] [1] 0.5
INFO [2025-11-13 02:39:59] 
INFO [2025-11-13 02:39:59] $lty
INFO [2025-11-13 02:39:59] [1] 1
INFO [2025-11-13 02:39:59] 
INFO [2025-11-13 02:39:59] $col
INFO [2025-11-13 02:39:59] c("orange", "skyblue")
INFO [2025-11-13 02:39:59] 
INFO [2025-11-13 02:39:59] $cex
INFO [2025-11-13 02:39:59] [1] 1.5
INFO [2025-11-13 02:39:59] 
INFO [2025-11-13 02:39:59] $cat.cex
INFO [2025-11-13 02:39:59] [1] 1.2
INFO [2025-11-13 02:39:59] 
INFO [2025-11-13 02:39:59] $cat.pos
INFO [2025-11-13 02:39:59] c(180, 0)
INFO [2025-11-13 02:39:59] 
